[17/09/2024 05:03:57 PM] INFO: Authorize client successfuly
[20/09/2024 12:35:02 PM] INFO: Authorize client successfuly
[23/09/2024 12:40:11 PM] INFO: Authorize client successfuly
-----------------------------------------------------------
[23/09/2024 03:02:29 PM] ERROR: System.Threading.Tasks.TaskCanceledException
Message        : A task was canceled.
Source         : mscorlib
TargetSite     : Void ThrowForNonSuccess(System.Threading.Tasks.Task)
StackTrace     : 
   at System.Runtime.CompilerServices.TaskAwaiter.ThrowForNonSuccess(Task task)
   at System.Runtime.CompilerServices.TaskAwaiter.HandleNonSuccessAndDebuggerNotification(Task task)
   at System.Runtime.CompilerServices.TaskAwaiter`1.GetResult()
   at BoosterClient.APIClient.<AuthorizeAsync>d__26.MoveNext() in E:\Tan\2024\MemuDeezer\MemuDeezerClient\API\APIClient.cs:line 71
--- End of stack trace from previous location where exception was thrown ---
   at System.Runtime.CompilerServices.TaskAwaiter.ThrowForNonSuccess(Task task)
   at System.Runtime.CompilerServices.TaskAwaiter.HandleNonSuccessAndDebuggerNotification(Task task)
   at System.Runtime.CompilerServices.TaskAwaiter.GetResult()
   at BoosterClient.Managers.ClientManager.<OnAuthorizeClient>d__9.MoveNext() in E:\Tan\2024\MemuDeezer\MemuDeezerClient\Managers\ClientManager.cs:line 61
-----------------------------------------------------------
[04/10/2024 09:50:28 AM] INFO: Authorize client successfuly
